<?xml version="1.0" encoding="UTF-8"?>
<!-- Generated by org.testng.reporters.JUnitReportReporter -->
<testsuite hostname="DESKTOP-48ME6A4" failures="0" tests="3" name="testcases.SimplilearnLoginTest" time="41.072" errors="0" timestamp="17 Sep 2022 04:33:08 GMT" skipped="0">
  <testcase classname="testcases.SimplilearnLoginTest" name="Test3" time="13.714"/>
  <testcase classname="testcases.SimplilearnLoginTest" name="Test1" time="13.830"/>
  <testcase classname="testcases.SimplilearnLoginTest" name="Test2" time="13.528"/>
</testsuite> <!-- testcases.SimplilearnLoginTest -->
