<?xml version="1.0" encoding="UTF-8"?>
<!-- Generated by org.testng.reporters.JUnitReportReporter -->
<testsuite hostname="DESKTOP-48ME6A4" failures="0" tests="1" name="testcases.HomeTest" time="9.749" errors="0" timestamp="2022-09-10T12:31:12 IST" skipped="0">
  <testcase classname="testcases.HomeTest" name="Test1" time="9.749"/>
  <system-out/>
</testsuite> <!-- testcases.HomeTest -->
