<?xml version="1.0" encoding="UTF-8"?>
<!-- Generated by org.testng.reporters.JUnitReportReporter -->
<testsuite hostname="DESKTOP-48ME6A4" failures="0" tests="3" name="testcases.SimplilearnLoginTest" time="47.288" errors="0" timestamp="18 Sep 2022 06:34:20 GMT" skipped="0">
  <testcase classname="testcases.SimplilearnLoginTest" name="Test3" time="15.441"/>
  <testcase classname="testcases.SimplilearnLoginTest" name="Test2" time="15.568"/>
  <testcase classname="testcases.SimplilearnLoginTest" name="Test1" time="16.279"/>
</testsuite> <!-- testcases.SimplilearnLoginTest -->
